<?xml version="1.0" encoding="UTF-8"?>
<!-- Generated by org.testng.reporters.JUnitXMLReporter -->
<testsuite ignored="0" hostname="DESKTOP-AS5R8J4" failures="1" tests="1" name="Test" time="3.48" errors="0" timestamp="2021-05-23T10:08:38 AEST">
  <testcase classname="com.openweathermap.GetWeatherDetailsFromOpenWeatherMap" name="getWeatherDetails" time="3.421">
    <failure type="java.lang.AssertionError" message="The current temperature is not above 20 degrees. expected [20.0] but found [15.2000065]">
      <![CDATA[java.lang.AssertionError: The current temperature is not above 20 degrees. expected [20.0] but found [15.2000065]
at com.openweathermap.GetWeatherDetailsFromOpenWeatherMap.getWeatherDetails(GetWeatherDetailsFromOpenWeatherMap.java:79)
at java.base/java.util.ArrayList.forEach(ArrayList.java:1541)
... Removed 30 stack frames]]>
    </failure>
  </testcase> <!-- getWeatherDetails -->
</testsuite> <!-- Test -->
